<?xml version="1.0" encoding="UTF-8"?>
<robot generator="Robot 3.2.2 (Python 3.7.4 on darwin)" generated="20201219 17:48:51.885" rpa="false">
<suite id="s1" name="Baidu01" source="/pythonFile/WebDriverDemo/baidu01.robot">
<test id="s1-t1" name="百度搜索">
<kw name="Open Browser" library="SeleniumLibrary">
<doc>Opens a new browser instance to the optional ``url``.</doc>
<arguments>
<arg>url=https://www.baidu.com</arg>
<arg>browser=chrome</arg>
<arg>executable_path=./driver/chromedriver</arg>
</arguments>
<msg timestamp="20201219 17:48:52.183" level="INFO">Opening browser 'chrome' to base url 'https://www.baidu.com'.</msg>
<status status="PASS" starttime="20201219 17:48:52.182" endtime="20201219 17:48:56.700"></status>
</kw>
<kw name="Input Text" library="SeleniumLibrary">
<doc>Types the given ``text`` into the text field identified by ``locator``.</doc>
<arguments>
<arg>locator=id:kw</arg>
<arg>text=helloworld</arg>
</arguments>
<msg timestamp="20201219 17:48:56.705" level="INFO">Typing text 'helloworld' into text field 'id:kw'.</msg>
<status status="PASS" starttime="20201219 17:48:56.702" endtime="20201219 17:48:57.098"></status>
</kw>
<status status="PASS" starttime="20201219 17:48:52.181" endtime="20201219 17:48:57.098" critical="yes"></status>
</test>
<doc>使用robot做百度自动化</doc>
<status status="PASS" starttime="20201219 17:48:51.886" endtime="20201219 17:48:57.101"></status>
</suite>
<statistics>
<total>
<stat pass="1" fail="0">Critical Tests</stat>
<stat pass="1" fail="0">All Tests</stat>
</total>
<tag>
</tag>
<suite>
<stat pass="1" fail="0" id="s1" name="Baidu01">Baidu01</stat>
</suite>
</statistics>
<errors>
<msg timestamp="20201219 17:48:52.178" level="ERROR">Error in file '/pythonFile/WebDriverDemo/baidu01.robot' on line 4: Importing test library 'Selenium2Library' failed: ModuleNotFoundError: No module named 'Selenium2Library'
Traceback (most recent call last):
  None
PYTHONPATH:
  /pythonFile/WebDriverDemo/venv/bin
  /Library/Frameworks/Python.framework/Versions/3.7/lib/python37.zip
  /Library/Frameworks/Python.framework/Versions/3.7/lib/python3.7
  /Library/Frameworks/Python.framework/Versions/3.7/lib/python3.7/lib-dynload
  /pythonFile/WebDriverDemo/venv/lib/python3.7/site-packages</msg>
</errors>
</robot>
